0 info it worked if it ends with ok
1 verbose cli [ 'C:\\Program Files\\nodejs\\node.exe',
1 verbose cli   'C:\\Program Files\\nodejs\\node_modules\\npm\\bin\\npm-cli.js',
1 verbose cli   'start' ]
2 info using npm@4.1.2
3 info using node@v7.7.1
4 verbose run-script [ 'prestart', 'start', 'poststart' ]
5 info lifecycle material-shop@0.0.0~prestart: material-shop@0.0.0
6 silly lifecycle material-shop@0.0.0~prestart: no script for prestart, continuing
7 info lifecycle material-shop@0.0.0~start: material-shop@0.0.0
8 verbose lifecycle material-shop@0.0.0~start: unsafe-perm in lifecycle true
9 verbose lifecycle material-shop@0.0.0~start: PATH: C:\Program Files\nodejs\node_modules\npm\bin\node-gyp-bin;C:\data\mediaboxnewreports\mediaboxnew\dist\node_modules\.bin;C:\ProgramData\Oracle\Java\javapath;C:\Program Files (x86)\Embarcadero\Studio\18.0\bin;C:\Users\Public\Documents\Embarcadero\Studio\18.0\Bpl;C:\Program Files (x86)\Embarcadero\Studio\18.0\bin64;C:\Users\Public\Documents\Embarcadero\Studio\18.0\Bpl\Win64;C:\PROGRA~2\Borland\REMOTE~1\7.0\Bin;C:\Program Files (x86)\Borland\Delphi7\Bin;C:\Program Files (x86)\Borland\Delphi7\Projects\Bpl\;C:\WINDOWS\system32;C:\WINDOWS;C:\WINDOWS\System32\Wbem;C:\WINDOWS\System32\WindowsPowerShell\v1.0\;C:\Program Files (x86)\AMD\ATI.ACE\Core-Static;C:\xampp\php;C:\ProgramData\ComposerSetup\bin;C:\Program Files (x86)\GtkSharp\2.12\bin;C:\Program Files\nodejs\;C:\Program Files\MongoDB\Server\3.4\bin;C:\Program Files (x86)\MySQL\MySQL Server 5.0\bin;C:\Program Files\MongoDB\Server\3.2\bin;C:\Program Files\Git\cmd;C:\Program Files (x86)\Windows Kits\10\Windows Performance Toolkit\;C:\Users\Client\AppData\Roaming\Composer\vendor\bin;C:\Users\Client\AppData\Roaming\npm;C:\Users\Client\AppData\Local\Microsoft\WindowsApps;C:\Program Files\Heroku\bin
10 verbose lifecycle material-shop@0.0.0~start: CWD: C:\data\mediaboxnewreports\mediaboxnew\dist
11 silly lifecycle material-shop@0.0.0~start: Args: [ '/d /s /c', 'node server' ]
12 silly lifecycle material-shop@0.0.0~start: Returned: code: 1  signal: null
13 info lifecycle material-shop@0.0.0~start: Failed to exec start script
14 verbose stack Error: material-shop@0.0.0 start: `node server`
14 verbose stack Exit status 1
14 verbose stack     at EventEmitter.<anonymous> (C:\Program Files\nodejs\node_modules\npm\lib\utils\lifecycle.js:279:16)
14 verbose stack     at emitTwo (events.js:106:13)
14 verbose stack     at EventEmitter.emit (events.js:194:7)
14 verbose stack     at ChildProcess.<anonymous> (C:\Program Files\nodejs\node_modules\npm\lib\utils\spawn.js:40:14)
14 verbose stack     at emitTwo (events.js:106:13)
14 verbose stack     at ChildProcess.emit (events.js:194:7)
14 verbose stack     at maybeClose (internal/child_process.js:899:16)
14 verbose stack     at Process.ChildProcess._handle.onexit (internal/child_process.js:226:5)
15 verbose pkgid material-shop@0.0.0
16 verbose cwd C:\data\mediaboxnewreports\mediaboxnew\dist
17 error Windows_NT 10.0.14393
18 error argv "C:\\Program Files\\nodejs\\node.exe" "C:\\Program Files\\nodejs\\node_modules\\npm\\bin\\npm-cli.js" "start"
19 error node v7.7.1
20 error npm  v4.1.2
21 error code ELIFECYCLE
22 error material-shop@0.0.0 start: `node server`
22 error Exit status 1
23 error Failed at the material-shop@0.0.0 start script 'node server'.
23 error Make sure you have the latest version of node.js and npm installed.
23 error If you do, this is most likely a problem with the material-shop package,
23 error not with npm itself.
23 error Tell the author that this fails on your system:
23 error     node server
23 error You can get information on how to open an issue for this project with:
23 error     npm bugs material-shop
23 error Or if that isn't available, you can get their info via:
23 error     npm owner ls material-shop
23 error There is likely additional logging output above.
24 verbose exit [ 1, true ]
